-------------------------------------------------------------------------------
Test set: com.example.gatewayservice.GatewayServiceApplicationTests
-------------------------------------------------------------------------------
Tests run: 1, Failures: 0, Errors: 1, Skipped: 0, Time elapsed: 11.748 s <<< FAILURE! - in com.example.gatewayservice.GatewayServiceApplicationTests
contextLoads  Time elapsed: 0.008 s  <<< ERROR!
java.lang.IllegalStateException: Failed to load ApplicationContext
Caused by: org.springframework.context.ApplicationContextException: Failed to start bean 'eurekaAutoServiceRegistration'; nested exception is java.lang.IllegalArgumentException: Unable to find GatewayFilterFactory with name LoggingFilter
Caused by: java.lang.IllegalArgumentException: Unable to find GatewayFilterFactory with name LoggingFilter

